 
[Sat 05/30/2026  2:00:13.88] ========== ACHME CRM One-Click Setup started ========== 
[Sat 05/30/2026  2:00:14.19] Step 1: MySQL check 
[Sat 05/30/2026  2:00:15.63] MySQL OK, set to auto-start 
[Sat 05/30/2026  2:00:15.63] Step 2: Node.js check 
[Sat 05/30/2026  2:00:15.84] Node.js at: C:\Program Files\nodejs\ 
[Sat 05/30/2026  2:00:15.85] Step 3: Config files 
[Sat 05/30/2026  2:00:15.86] Step 4: Backend setup 
npm warn deprecated inflight@1.0.6: This module is not supported, and leaks memory. Do not use it. Check out lru-cache if you want a good and tested way to coalesce async requests by a key value, which is much more comprehensive and powerful.
npm warn deprecated glob@7.2.3: Old versions of glob are not supported, and contain widely publicized security vulnerabilities, which have been fixed in the current version. Please update. Support for old versions may be purchased (at exorbitant rates) by contacting i@izs.me
npm warn deprecated scmp@2.1.0: Just use Node.js's crypto.timingSafeEqual()

added 509 packages, and audited 510 packages in 8s

71 packages are looking for funding
  run `npm fund` for details

13 vulnerabilities (7 moderate, 6 high)

To address issues that do not require attention, run:
  npm audit fix

To address all issues (including breaking changes), run:
  npm audit fix --force

Run `npm audit` for details.
◇ injected env (14) from .env // tip: ⌘ multiple files { path: ['.env.local', '.env'] }
Database user 'achme_user' already works.
◇ injected env (14) from .env // tip: ⌁ auth for agents [www.vestauth.com]

======================================================
⚙️  DATABASE PRE-START CHECK
Connecting to MySQL at 127.0.0.1:3306 as achme_user...
======================================================
✅ Connected to MySQL server successfully.
✅ Database 'achme' exists or was successfully created.
======================================================

[Sat 05/30/2026  2:00:24.75] Step 5: PM2 check 
[Sat 05/30/2026  2:00:24.82] npm prefix: C:\Users\thana\AppData\Roaming\npm 
[Sat 05/30/2026  2:00:25.21] PM2 home: C:\Users\thana\.pm2 
[Sat 05/30/2026  2:00:25.22] Step 6: Frontend setup 
npm warn deprecated inflight@1.0.6: This module is not supported, and leaks memory. Do not use it. Check out lru-cache if you want a good and tested way to coalesce async requests by a key value, which is much more comprehensive and powerful.
npm warn deprecated @babel/plugin-proposal-private-methods@7.18.6: This proposal has been merged to the ECMAScript standard and thus this plugin is no longer maintained. Please use @babel/plugin-transform-private-methods instead.
npm warn deprecated @babel/plugin-proposal-class-properties@7.18.6: This proposal has been merged to the ECMAScript standard and thus this plugin is no longer maintained. Please use @babel/plugin-transform-class-properties instead.
npm warn deprecated @babel/plugin-proposal-numeric-separator@7.18.6: This proposal has been merged to the ECMAScript standard and thus this plugin is no longer maintained. Please use @babel/plugin-transform-numeric-separator instead.
npm warn deprecated @babel/plugin-proposal-nullish-coalescing-operator@7.18.6: This proposal has been merged to the ECMAScript standard and thus this plugin is no longer maintained. Please use @babel/plugin-transform-nullish-coalescing-operator instead.
npm warn deprecated @humanwhocodes/config-array@0.13.0: Use @eslint/config-array instead
npm warn deprecated stable@0.1.8: Modern JS already guarantees Array#sort() is a stable sort, so this library is deprecated. See the compatibility table on MDN: https://developer.mozilla.org/en-US/docs/Web/JavaScript/Reference/Global_Objects/Array/sort#browser_compatibility
npm warn deprecated @babel/plugin-proposal-private-property-in-object@7.21.11: This proposal has been merged to the ECMAScript standard and thus this plugin is no longer maintained. Please use @babel/plugin-transform-private-property-in-object instead.
npm warn deprecated rimraf@3.0.2: Rimraf versions prior to v4 are no longer supported
npm warn deprecated @babel/plugin-proposal-optional-chaining@7.21.0: This proposal has been merged to the ECMAScript standard and thus this plugin is no longer maintained. Please use @babel/plugin-transform-optional-chaining instead.
npm warn deprecated glob@7.2.3: Old versions of glob are not supported, and contain widely publicized security vulnerabilities, which have been fixed in the current version. Please update. Support for old versions may be purchased (at exorbitant rates) by contacting i@izs.me
npm warn deprecated rollup-plugin-terser@7.0.2: This package has been deprecated and is no longer maintained. Please use @rollup/plugin-terser
npm warn deprecated whatwg-encoding@1.0.5: Use @exodus/bytes instead for a more spec-conformant and faster implementation
npm warn deprecated q@1.5.1: You or someone you depend on is using Q, the JavaScript Promise library that gave JavaScript developers strong feelings about promises. They can almost certainly migrate to the native JavaScript promise now. Thank you literally everyone for joining me in this bet against the odds. Be excellent to each other.
npm warn deprecated
npm warn deprecated (For a CapTP with native promises, see @endo/eventual-send and @endo/captp)
npm warn deprecated abab@2.0.6: Use your platform's native atob() and btoa() methods instead
npm warn deprecated @humanwhocodes/object-schema@2.0.3: Use @eslint/object-schema instead
npm warn deprecated domexception@2.0.1: Use your platform's native DOMException instead
npm warn deprecated sourcemap-codec@1.4.8: Please use @jridgewell/sourcemap-codec instead
npm warn deprecated w3c-hr-time@1.0.2: Use your platform's native performance.now() and performance.timeOrigin.
npm warn deprecated workbox-cacheable-response@6.6.0: workbox-background-sync@6.6.0
npm warn deprecated source-map@0.8.0-beta.0: The work that was done in this beta branch won't be included in future versions
npm warn deprecated workbox-google-analytics@6.6.0: It is not compatible with newer versions of GA starting with v4, as long as you are using GAv3 it should be ok, but the package is not longer being maintained
npm warn deprecated svgo@1.3.2: This SVGO version is no longer supported. Upgrade to v2.x.x.
npm warn deprecated eslint@8.57.1: This version is no longer supported. Please see https://eslint.org/version-support for other options.

added 1404 packages, and audited 1556 packages in 27s

284 packages are looking for funding
  run `npm fund` for details

54 vulnerabilities (9 low, 18 moderate, 25 high, 2 critical)

To address issues that do not require attention, run:
  npm audit fix

To address all issues (including breaking changes), run:
  npm audit fix --force

Run `npm audit` for details.
[Sat 05/30/2026  2:00:52.94] Step 7: Nginx setup 
[Sat 05/30/2026  2:00:58.13] Step 8: PM2 backend start 
